{"uuid":"23ba698e-78e3-4928-9676-f213504d875f","name":"Default Suite","start":1677471680750,"stop":1677471708891,"children":["bc4ccd14-f7f8-4d93-aef7-0c48ba6cc9c3"],"befores":[{"name":"setup","status":"failed","statusDetails":{"known":false,"muted":false,"flaky":false,"message":"Element not found {By.id: btn_disallow}\nExpected: visible or transparent: visible or have css value opacity=0\nScreenshot: file:/C:/Users/Saranya/Downloads/Kotlin_Mobile_Test_Framework-master/build/reports/tests/1677471706472.0.png\nPage source: file:/C:/Users/Saranya/Downloads/Kotlin_Mobile_Test_Framework-master/build/reports/tests/1677471706472.0.html\nTimeout: 4 s.\nCaused by: NoSuchElementException: An element could not be located on the page using the given search parameters.","trace":"Element not found {By.id: btn_disallow}\nExpected: visible or transparent: visible or have css value opacity=0\nScreenshot: file:/C:/Users/Saranya/Downloads/Kotlin_Mobile_Test_Framework-master/build/reports/tests/1677471706472.0.png\nPage source: file:/C:/Users/Saranya/Downloads/Kotlin_Mobile_Test_Framework-master/build/reports/tests/1677471706472.0.html\nTimeout: 4 s.\nCaused by: NoSuchElementException: An element could not be located on the page using the given search parameters.\r\n\tat com.codeborne.selenide.impl.WebElementSource.createElementNotFoundError(WebElementSource.java:37)\r\n\tat com.codeborne.selenide.impl.ElementFinder.createElementNotFoundError(ElementFinder.java:100)\r\n\tat com.codeborne.selenide.impl.WebElementSource.checkCondition(WebElementSource.java:65)\r\n\tat com.codeborne.selenide.impl.WebElementSource.findAndAssertElementIsInteractable(WebElementSource.java:87)\r\n\tat com.codeborne.selenide.commands.Click.execute(Click.java:13)\r\n\tat com.codeborne.selenide.commands.Click.execute(Click.java:9)\r\n\tat com.codeborne.selenide.commands.Commands.execute(Commands.java:148)\r\n\tat com.codeborne.selenide.impl.SelenideElementProxy.dispatchAndRetry(SelenideElementProxy.java:99)\r\n\tat com.codeborne.selenide.impl.SelenideElementProxy.invoke(SelenideElementProxy.java:65)\r\n\tat com.sun.proxy.$Proxy17.click(Unknown Source)\r\n\tat core.utils.InitialSetupUtils.firstTimeAppLaunchSetup(InitialSetupUtils.kt:22)\r\n\tat tests.BaseTest.setup(BaseTest.kt:33)\r\n\tat java.base/jdk.internal.reflect.NativeMethodAccessorImpl.invoke0(Native Method)\r\n\tat java.base/jdk.internal.reflect.NativeMethodAccessorImpl.invoke(NativeMethodAccessorImpl.java:62)\r\n\tat java.base/jdk.internal.reflect.DelegatingMethodAccessorImpl.invoke(DelegatingMethodAccessorImpl.java:43)\r\n\tat java.base/java.lang.reflect.Method.invoke(Method.java:566)\r\n\tat org.testng.internal.MethodInvocationHelper.invokeMethod(MethodInvocationHelper.java:124)\r\n\tat org.testng.internal.MethodInvocationHelper.invokeMethodConsideringTimeout(MethodInvocationHelper.java:59)\r\n\tat org.testng.internal.Invoker.invokeConfigurationMethod(Invoker.java:458)\r\n\tat org.testng.internal.Invoker.invokeConfigurations(Invoker.java:222)\r\n\tat org.testng.internal.Invoker.invokeConfigurations(Invoker.java:142)\r\n\tat org.testng.SuiteRunner.privateRun(SuiteRunner.java:401)\r\n\tat org.testng.SuiteRunner.run(SuiteRunner.java:364)\r\n\tat org.testng.SuiteRunnerWorker.runSuite(SuiteRunnerWorker.java:52)\r\n\tat org.testng.SuiteRunnerWorker.run(SuiteRunnerWorker.java:84)\r\n\tat org.testng.TestNG.runSuitesSequentially(TestNG.java:1208)\r\n\tat org.testng.TestNG.runSuitesLocally(TestNG.java:1137)\r\n\tat org.testng.TestNG.runSuites(TestNG.java:1049)\r\n\tat org.testng.TestNG.run(TestNG.java:1017)\r\n\tat com.intellij.rt.testng.IDEARemoteTestNG.run(IDEARemoteTestNG.java:66)\r\n\tat com.intellij.rt.testng.RemoteTestNGStarter.main(RemoteTestNGStarter.java:109)\r\nCaused by: org.openqa.selenium.NoSuchElementException: An element could not be located on the page using the given search parameters.\nFor documentation on this error, please visit: http://seleniumhq.org/exceptions/no_such_element.html\nBuild info: version: '3.14.0', revision: 'aacccce0', time: '2018-08-02T20:19:58.91Z'\nSystem info: host: 'SARANYA', ip: '192.168.0.25', os.name: 'Windows 10', os.arch: 'amd64', os.version: '10.0', java.version: '11.0.4'\nDriver info: io.appium.java_client.AppiumDriver\nCapabilities {acceptInsecureCerts: true, acceptSslCerts: true, app: C:\\Users\\Saranya\\Downloads\\..., appActivity: com.fivemobile.thescore.ui...., appPackage: com.fivemobile.thescore, autoGrantPermissions: false, clearDeviceLogsOnStart: true, databaseEnabled: false, desired: {acceptInsecureCerts: true, acceptSslCerts: true, app: C:\\Users\\Saranya\\Downloads\\..., appActivity: com.fivemobile.thescore.ui...., appPackage: com.fivemobile.thescore, autoGrantPermissions: false, clearDeviceLogsOnStart: true, deviceName: Pixel 6 Pro API 33, fullReset: false, handlesAlerts: true, javascriptEnabled: true, newCommandTimeout: 220, noReset: false, pageLoadStrategy: normal, platformName: android, platformVersion: 13.0, takesScreenshot: true, udid: emulator-5554}, deviceApiLevel: 33, deviceManufacturer: Google, deviceModel: sdk_gphone64_x86_64, deviceName: emulator-5554, deviceScreenDensity: 560, deviceScreenSize: 1440x3120, deviceUDID: emulator-5554, fullReset: false, handlesAlerts: true, javascriptEnabled: true, locationContextEnabled: false, networkConnectionEnabled: true, newCommandTimeout: 220, noReset: false, pageLoadStrategy: normal, pixelRatio: 3.5, platform: LINUX, platformName: LINUX, platformVersion: 13, statBarHeight: 136, takesScreenshot: true, udid: emulator-5554, viewportRect: {height: 2764, left: 0, top: 136, width: 1440}, warnings: {}, webStorageEnabled: false}\nSession ID: 1a75d400-f731-4cc7-8d12-d95e52df6647\n*** Element info: {Using=id, value=btn_disallow}\r\n\tat java.base/jdk.internal.reflect.NativeConstructorAccessorImpl.newInstance0(Native Method)\r\n\tat java.base/jdk.internal.reflect.NativeConstructorAccessorImpl.newInstance(NativeConstructorAccessorImpl.java:62)\r\n\tat java.base/jdk.internal.reflect.DelegatingConstructorAccessorImpl.newInstance(DelegatingConstructorAccessorImpl.java:45)\r\n\tat java.base/java.lang.reflect.Constructor.newInstance(Constructor.java:490)\r\n\tat org.openqa.selenium.remote.http.W3CHttpResponseCodec.createException(W3CHttpResponseCodec.java:187)\r\n\tat org.openqa.selenium.remote.http.W3CHttpResponseCodec.decode(W3CHttpResponseCodec.java:122)\r\n\tat org.openqa.selenium.remote.http.W3CHttpResponseCodec.decode(W3CHttpResponseCodec.java:49)\r\n\tat org.openqa.selenium.remote.HttpCommandExecutor.execute(HttpCommandExecutor.java:158)\r\n\tat io.appium.java_client.remote.AppiumCommandExecutor.execute(AppiumCommandExecutor.java:129)\r\n\tat org.openqa.selenium.remote.RemoteWebDriver.execute(RemoteWebDriver.java:545)\r\n\tat io.appium.java_client.DefaultGenericMobileDriver.execute(DefaultGenericMobileDriver.java:42)\r\n\tat io.appium.java_client.AppiumDriver.execute(AppiumDriver.java:1)\r\n\tat org.openqa.selenium.remote.RemoteWebDriver.findElement(RemoteWebDriver.java:319)\r\n\tat io.appium.java_client.DefaultGenericMobileDriver.findElement(DefaultGenericMobileDriver.java:62)\r\n\tat io.appium.java_client.AppiumDriver.findElement(AppiumDriver.java:1)\r\n\tat org.openqa.selenium.remote.RemoteWebDriver.findElementById(RemoteWebDriver.java:365)\r\n\tat io.appium.java_client.DefaultGenericMobileDriver.findElementById(DefaultGenericMobileDriver.java:70)\r\n\tat io.appium.java_client.AppiumDriver.findElementById(AppiumDriver.java:1)\r\n\tat org.openqa.selenium.By$ById.findElement(By.java:188)\r\n\tat org.openqa.selenium.remote.RemoteWebDriver.findElement(RemoteWebDriver.java:311)\r\n\tat io.appium.java_client.DefaultGenericMobileDriver.findElement(DefaultGenericMobileDriver.java:58)\r\n\tat io.appium.java_client.AppiumDriver.findElement(AppiumDriver.java:1)\r\n\tat com.codeborne.selenide.impl.WebElementSelector.findElement(WebElementSelector.java:30)\r\n\tat com.codeborne.selenide.impl.ElementFinder.getWebElement(ElementFinder.java:74)\r\n\tat com.codeborne.selenide.impl.WebElementSource.checkCondition(WebElementSource.java:50)\r\n\t... 28 more\r\n"},"stage":"finished","description":"","start":1677471680806,"stop":1677471708039}]}